15:47:34.475 [TestNG-tests-1] DEBUG org.apache.poi.openxml4j.opc.ZipPackage - Save package relationships
15:47:34.486 [TestNG-tests-1] DEBUG org.apache.poi.openxml4j.opc.ZipPackage - Save part 'docProps/app.xml'
15:47:34.487 [TestNG-tests-1] DEBUG org.apache.poi.openxml4j.opc.ZipPackage - Save part 'docProps/core.xml'
15:47:34.490 [TestNG-tests-1] DEBUG org.apache.poi.openxml4j.opc.ZipPackage - Save part 'xl/sharedStrings.xml'
15:47:34.491 [TestNG-tests-1] DEBUG org.apache.poi.openxml4j.opc.ZipPackage - Save part 'xl/styles.xml'
15:47:34.492 [TestNG-tests-1] DEBUG org.apache.poi.openxml4j.opc.ZipPackage - Save part 'xl/theme/theme1.xml'
15:47:34.493 [TestNG-tests-1] DEBUG org.apache.poi.openxml4j.opc.ZipPackage - Save part 'xl/workbook.xml'
15:47:34.496 [TestNG-tests-1] DEBUG org.apache.poi.openxml4j.opc.ZipPackage - Save part 'xl/worksheets/sheet1.xml'
15:47:34.498 [TestNG-tests-1] INFO  testCase.TC_001_WebDevelopmentTest - ***** Level Details Verified *****
15:47:34.498 [TestNG-tests-1] INFO  testCase.TC_001_WebDevelopmentTest - ***** TC_002_LanguageLearningTest Completed *****
15:47:35.089 [TestNG-tests-1] INFO  testCase.TC_001_WebDevelopmentTest - ***** Starting TC_003_ReadyToTransformTest *****
15:47:35.090 [TestNG-tests-1] INFO  testCase.TC_001_WebDevelopmentTest - ***** Navigating To Home Page *****
15:47:42.868 [TestNG-tests-1] INFO  testCase.TC_001_WebDevelopmentTest - ***** Verifying Home Page *****
15:47:42.967 [TestNG-tests-1] INFO  testCase.TC_001_WebDevelopmentTest - ***** Home Page Verified *****
15:47:45.975 [TestNG-tests-1] INFO  testCase.TC_001_WebDevelopmentTest - ***** Scrolling To Page Footer *****
15:47:46.114 [TestNG-tests-1] INFO  testCase.TC_001_WebDevelopmentTest - ***** Clicking For Enterprise *****
15:47:59.712 [TestNG-tests-1] INFO  testCase.TC_001_WebDevelopmentTest - ***** Verifying For Enterprise Page *****
15:47:59.817 [TestNG-tests-1] INFO  testCase.TC_001_WebDevelopmentTest - ***** For Enterprise Page Verified *****
15:48:02.829 [TestNG-tests-1] INFO  testCase.TC_001_WebDevelopmentTest - ***** Scrolling To Page Footer *****
15:48:05.895 [TestNG-tests-1] INFO  testCase.TC_001_WebDevelopmentTest - ***** Clicking Products *****
15:48:11.697 [TestNG-tests-1] INFO  testCase.TC_001_WebDevelopmentTest - ***** Verifying Products Page *****
15:48:11.763 [TestNG-tests-1] INFO  testCase.TC_001_WebDevelopmentTest - ***** Products Page Verified *****
15:48:14.778 [TestNG-tests-1] INFO  testCase.TC_001_WebDevelopmentTest - ***** Clicking For Campus *****
15:48:21.190 [TestNG-tests-1] INFO  testCase.TC_001_WebDevelopmentTest - ***** Verifying For Campus Page *****
15:48:21.344 [TestNG-tests-1] INFO  testCase.TC_001_WebDevelopmentTest - ***** For Campus Page Verified *****
15:48:21.344 [TestNG-tests-1] INFO  testCase.TC_001_WebDevelopmentTest - ***** Scrolling To Ready To Transform Form *****
15:48:21.409 [TestNG-tests-1] INFO  testCase.TC_001_WebDevelopmentTest - ***** Filling Ready To Transform Form *****
15:49:00.205 [TestNG-tests-1] DEBUG org.apache.poi.openxml4j.opc.PackageRelationshipCollection - Parsing relationship: /xl/_rels/workbook.xml.rels
15:49:00.206 [TestNG-tests-1] DEBUG org.apache.poi.openxml4j.opc.PackageRelationshipCollection - Parsing relationship: /xl/worksheets/_rels/sheet1.xml.rels
15:49:00.206 [TestNG-tests-1] DEBUG org.apache.poi.openxml4j.opc.PackageRelationshipCollection - Parsing relationship: /_rels/.rels
15:49:00.247 [TestNG-tests-1] DEBUG org.apache.poi.openxml4j.opc.PackageRelationshipCollection - Parsing relationship: /xl/_rels/workbook.xml.rels
15:49:00.248 [TestNG-tests-1] DEBUG org.apache.poi.openxml4j.opc.PackageRelationshipCollection - Parsing relationship: /xl/worksheets/_rels/sheet1.xml.rels
15:49:00.250 [TestNG-tests-1] DEBUG org.apache.poi.openxml4j.opc.PackageRelationshipCollection - Parsing relationship: /_rels/.rels
15:49:00.275 [TestNG-tests-1] DEBUG org.apache.poi.openxml4j.opc.PackageRelationshipCollection - Parsing relationship: /xl/_rels/workbook.xml.rels
15:49:00.276 [TestNG-tests-1] DEBUG org.apache.poi.openxml4j.opc.PackageRelationshipCollection - Parsing relationship: /xl/worksheets/_rels/sheet1.xml.rels
15:49:00.278 [TestNG-tests-1] DEBUG org.apache.poi.openxml4j.opc.PackageRelationshipCollection - Parsing relationship: /_rels/.rels
15:49:00.301 [TestNG-tests-1] DEBUG org.apache.poi.openxml4j.opc.PackageRelationshipCollection - Parsing relationship: /xl/_rels/workbook.xml.rels
15:49:00.302 [TestNG-tests-1] DEBUG org.apache.poi.openxml4j.opc.PackageRelationshipCollection - Parsing relationship: /xl/worksheets/_rels/sheet1.xml.rels
15:49:00.303 [TestNG-tests-1] DEBUG org.apache.poi.openxml4j.opc.PackageRelationshipCollection - Parsing relationship: /_rels/.rels
15:49:00.386 [TestNG-tests-1] DEBUG org.apache.poi.openxml4j.opc.PackageRelationshipCollection - Parsing relationship: /xl/_rels/workbook.xml.rels
15:49:00.388 [TestNG-tests-1] DEBUG org.apache.poi.openxml4j.opc.PackageRelationshipCollection - Parsing relationship: /xl/worksheets/_rels/sheet1.xml.rels
