17:14:24.677 [TestNG-tests-1] DEBUG org.apache.poi.openxml4j.opc.PackageRelationshipCollection - Parsing relationship: /xl/_rels/workbook.xml.rels
17:14:24.686 [TestNG-tests-1] DEBUG org.apache.poi.openxml4j.opc.PackageRelationshipCollection - Parsing relationship: /_rels/.rels
17:14:24.708 [TestNG-tests-1] DEBUG org.apache.poi.openxml4j.opc.ZipPackage - Save content types part
17:14:24.710 [TestNG-tests-1] DEBUG org.apache.poi.openxml4j.opc.ZipPackage - Save package relationships
17:14:24.712 [TestNG-tests-1] DEBUG org.apache.poi.openxml4j.opc.ZipPackage - Save part 'docProps/app.xml'
17:14:24.713 [TestNG-tests-1] DEBUG org.apache.poi.openxml4j.opc.ZipPackage - Save part 'docProps/core.xml'
17:14:24.715 [TestNG-tests-1] DEBUG org.apache.poi.openxml4j.opc.ZipPackage - Save part 'xl/sharedStrings.xml'
17:14:24.716 [TestNG-tests-1] DEBUG org.apache.poi.openxml4j.opc.ZipPackage - Save part 'xl/styles.xml'
17:14:24.716 [TestNG-tests-1] DEBUG org.apache.poi.openxml4j.opc.ZipPackage - Save part 'xl/theme/theme1.xml'
17:14:24.716 [TestNG-tests-1] DEBUG org.apache.poi.openxml4j.opc.ZipPackage - Save part 'xl/workbook.xml'
17:14:24.718 [TestNG-tests-1] DEBUG org.apache.poi.openxml4j.opc.ZipPackage - Save part 'xl/worksheets/sheet1.xml'
17:14:24.719 [TestNG-tests-1] INFO  testCase.TC_001_WebDevelopmentTest - ***** Level Details Verified *****
17:14:24.719 [TestNG-tests-1] INFO  testCase.TC_001_WebDevelopmentTest - ***** TC_002_LanguageLearningTest Completed *****
17:14:25.093 [TestNG-tests-1] INFO  testCase.TC_001_WebDevelopmentTest - ***** Starting TC_003_ReadyToTransformTest *****
17:14:25.094 [TestNG-tests-1] INFO  testCase.TC_001_WebDevelopmentTest - ***** Navigating To Home Page *****
17:14:32.760 [TestNG-tests-1] INFO  testCase.TC_001_WebDevelopmentTest - ***** Verifying Home Page *****
17:14:32.831 [TestNG-tests-1] INFO  testCase.TC_001_WebDevelopmentTest - ***** Home Page Verified *****
17:14:35.844 [TestNG-tests-1] INFO  testCase.TC_001_WebDevelopmentTest - ***** Scrolling To Page Footer *****
17:14:35.926 [TestNG-tests-1] INFO  testCase.TC_001_WebDevelopmentTest - ***** Clicking For Enterprise *****
17:14:47.923 [TestNG-tests-1] INFO  testCase.TC_001_WebDevelopmentTest - ***** Verifying For Enterprise Page *****
17:14:48.004 [TestNG-tests-1] INFO  testCase.TC_001_WebDevelopmentTest - ***** For Enterprise Page Verified *****
17:14:51.014 [TestNG-tests-1] INFO  testCase.TC_001_WebDevelopmentTest - ***** Scrolling To Page Footer *****
17:14:54.033 [TestNG-tests-1] INFO  testCase.TC_001_WebDevelopmentTest - ***** Clicking Products *****
17:15:01.296 [TestNG-tests-1] INFO  testCase.TC_001_WebDevelopmentTest - ***** Verifying Products Page *****
17:15:01.356 [TestNG-tests-1] INFO  testCase.TC_001_WebDevelopmentTest - ***** Products Page Verified *****
17:15:04.361 [TestNG-tests-1] INFO  testCase.TC_001_WebDevelopmentTest - ***** Clicking For Campus *****
17:15:10.541 [TestNG-tests-1] INFO  testCase.TC_001_WebDevelopmentTest - ***** Verifying For Campus Page *****
17:15:10.640 [TestNG-tests-1] INFO  testCase.TC_001_WebDevelopmentTest - ***** For Campus Page Verified *****
17:15:10.640 [TestNG-tests-1] INFO  testCase.TC_001_WebDevelopmentTest - ***** Scrolling To Ready To Transform Form *****
17:15:10.697 [TestNG-tests-1] INFO  testCase.TC_001_WebDevelopmentTest - ***** Filling Ready To Transform Form *****
17:15:49.214 [TestNG-tests-1] DEBUG org.apache.poi.openxml4j.opc.PackageRelationshipCollection - Parsing relationship: /xl/_rels/workbook.xml.rels
17:15:49.215 [TestNG-tests-1] DEBUG org.apache.poi.openxml4j.opc.PackageRelationshipCollection - Parsing relationship: /xl/worksheets/_rels/sheet1.xml.rels
17:15:49.217 [TestNG-tests-1] DEBUG org.apache.poi.openxml4j.opc.PackageRelationshipCollection - Parsing relationship: /_rels/.rels
17:15:49.271 [TestNG-tests-1] DEBUG org.apache.poi.openxml4j.opc.PackageRelationshipCollection - Parsing relationship: /xl/_rels/workbook.xml.rels
17:15:49.272 [TestNG-tests-1] DEBUG org.apache.poi.openxml4j.opc.PackageRelationshipCollection - Parsing relationship: /xl/worksheets/_rels/sheet1.xml.rels
17:15:49.274 [TestNG-tests-1] DEBUG org.apache.poi.openxml4j.opc.PackageRelationshipCollection - Parsing relationship: /_rels/.rels
17:15:49.296 [TestNG-tests-1] DEBUG org.apache.poi.openxml4j.opc.PackageRelationshipCollection - Parsing relationship: /xl/_rels/workbook.xml.rels
17:15:49.297 [TestNG-tests-1] DEBUG org.apache.poi.openxml4j.opc.PackageRelationshipCollection - Parsing relationship: /xl/worksheets/_rels/sheet1.xml.rels
17:15:49.301 [TestNG-tests-1] DEBUG org.apache.poi.openxml4j.opc.PackageRelationshipCollection - Parsing relationship: /_rels/.rels
17:15:49.326 [TestNG-tests-1] DEBUG org.apache.poi.openxml4j.opc.PackageRelationshipCollection - Parsing relationship: /xl/_rels/workbook.xml.rels
17:15:49.327 [TestNG-tests-1] DEBUG org.apache.poi.openxml4j.opc.PackageRelationshipCollection - Parsing relationship: /xl/worksheets/_rels/sheet1.xml.rels
